0 info it worked if it ends with ok
1 verbose cli [ '/Users/marcuslittle/.nvm/versions/node/v6.0.0/bin/node',
1 verbose cli   '/Users/marcuslittle/.nvm/versions/node/v6.0.0/bin/npm',
1 verbose cli   'start' ]
2 info using npm@3.8.6
3 info using node@v6.0.0
4 verbose run-script [ 'prestart', 'start', 'poststart' ]
5 info lifecycle bloccit@1.0.0~prestart: bloccit@1.0.0
6 silly lifecycle bloccit@1.0.0~prestart: no script for prestart, continuing
7 info lifecycle bloccit@1.0.0~start: bloccit@1.0.0
8 verbose lifecycle bloccit@1.0.0~start: unsafe-perm in lifecycle true
9 verbose lifecycle bloccit@1.0.0~start: PATH: /Users/marcuslittle/.nvm/versions/node/v6.0.0/lib/node_modules/npm/bin/node-gyp-bin:/Users/marcuslittle/Bloc/bloccit/node_modules/.bin:/Users/marcuslittle/.nvm/versions/node/v6.0.0/bin:/Users/marcuslittle/.nvm/versions/node/v6.0.0/bin:/Users/marcuslittle/.rvm/gems/ruby-2.5.3/bin:/Users/marcuslittle/.rvm/gems/ruby-2.5.3@global/bin:/Users/marcuslittle/.rvm/rubies/ruby-2.5.3/bin:/Users/marcuslittle/.rbenv/shims:/Library/Frameworks/Python.framework/Versions/2.7/bin:/usr/local/bin:/usr/bin:/bin:/usr/sbin:/sbin:/Users/marcuslittle/.rvm/bin
10 verbose lifecycle bloccit@1.0.0~start: CWD: /Users/marcuslittle/Bloc/bloccit
11 silly lifecycle bloccit@1.0.0~start: Args: [ '-c', 'node src/server.js' ]
12 silly lifecycle bloccit@1.0.0~start: Returned: code: 1  signal: null
13 info lifecycle bloccit@1.0.0~start: Failed to exec start script
14 verbose stack Error: bloccit@1.0.0 start: `node src/server.js`
14 verbose stack Exit status 1
14 verbose stack     at EventEmitter.<anonymous> (/Users/marcuslittle/.nvm/versions/node/v6.0.0/lib/node_modules/npm/lib/utils/lifecycle.js:239:16)
14 verbose stack     at emitTwo (events.js:106:13)
14 verbose stack     at EventEmitter.emit (events.js:191:7)
14 verbose stack     at ChildProcess.<anonymous> (/Users/marcuslittle/.nvm/versions/node/v6.0.0/lib/node_modules/npm/lib/utils/spawn.js:24:14)
14 verbose stack     at emitTwo (events.js:106:13)
14 verbose stack     at ChildProcess.emit (events.js:191:7)
14 verbose stack     at maybeClose (internal/child_process.js:850:16)
14 verbose stack     at Process.ChildProcess._handle.onexit (internal/child_process.js:215:5)
15 verbose pkgid bloccit@1.0.0
16 verbose cwd /Users/marcuslittle/Bloc/bloccit
17 error Darwin 17.7.0
18 error argv "/Users/marcuslittle/.nvm/versions/node/v6.0.0/bin/node" "/Users/marcuslittle/.nvm/versions/node/v6.0.0/bin/npm" "start"
19 error node v6.0.0
20 error npm  v3.8.6
21 error code ELIFECYCLE
22 error bloccit@1.0.0 start: `node src/server.js`
22 error Exit status 1
23 error Failed at the bloccit@1.0.0 start script 'node src/server.js'.
23 error Make sure you have the latest version of node.js and npm installed.
23 error If you do, this is most likely a problem with the bloccit package,
23 error not with npm itself.
23 error Tell the author that this fails on your system:
23 error     node src/server.js
23 error You can get information on how to open an issue for this project with:
23 error     npm bugs bloccit
23 error Or if that isn't available, you can get their info via:
23 error     npm owner ls bloccit
23 error There is likely additional logging output above.
24 verbose exit [ 1, true ]
